{"D:\\Proyectos\\boolean_app\\frontend\\src\\App.vue": {"path":"D:\\Proyectos\\boolean_app\\frontend\\src\\App.vue","statementMap":{"0":{"start":{"line":25,"column":0},"end":{"line":25,"column":null}},"1":{"start":{"line":26,"column":0},"end":{"line":26,"column":null}},"2":{"start":{"line":39,"column":0},"end":{"line":39,"column":null}}},"fnMap":{"0":{"name":"(anonymous_1)","decl":{"start":{"line":38,"column":0},"end":{"line":38,"column":null}},"loc":{"start":{"line":38,"column":0},"end":{"line":40,"column":null}}}},"branchMap":{},"s":{"0":2,"1":2,"2":0},"f":{"0":0},"b":{}}
,"D:\\Proyectos\\boolean_app\\frontend\\src\\router\\index.js": {"path":"D:\\Proyectos\\boolean_app\\frontend\\src\\router\\index.js","statementMap":{"0":{"start":{"line":8,"column":0},"end":{"line":8,"column":18}},"1":{"start":{"line":10,"column":15},"end":{"line":32,"column":1}},"2":{"start":{"line":34,"column":15},"end":{"line":37,"column":2}},"3":{"start":{"line":39,"column":0},"end":{"line":50,"column":2}},"4":{"start":{"line":40,"column":2},"end":{"line":40,"column":33}},"5":{"start":{"line":41,"column":2},"end":{"line":49,"column":4}},"6":{"start":{"line":42,"column":25},"end":{"line":42,"column":67}},"7":{"start":{"line":42,"column":50},"end":{"line":42,"column":66}},"8":{"start":{"line":44,"column":4},"end":{"line":48,"column":5}},"9":{"start":{"line":45,"column":6},"end":{"line":45,"column":20}},"10":{"start":{"line":47,"column":6},"end":{"line":47,"column":12}}},"fnMap":{"0":{"name":"(anonymous_0)","decl":{"start":{"line":39,"column":18},"end":{"line":39,"column":19}},"loc":{"start":{"line":39,"column":38},"end":{"line":50,"column":1}},"line":39},"1":{"name":"(anonymous_1)","decl":{"start":{"line":41,"column":40},"end":{"line":41,"column":41}},"loc":{"start":{"line":41,"column":48},"end":{"line":49,"column":3}},"line":41},"2":{"name":"(anonymous_2)","decl":{"start":{"line":42,"column":41},"end":{"line":42,"column":42}},"loc":{"start":{"line":42,"column":50},"end":{"line":42,"column":66}},"line":42}},"branchMap":{"0":{"loc":{"start":{"line":44,"column":4},"end":{"line":48,"column":5}},"type":"if","locations":[{"start":{"line":44,"column":4},"end":{"line":48,"column":5}},{"start":{"line":44,"column":4},"end":{"line":48,"column":5}}],"line":44},"1":{"loc":{"start":{"line":44,"column":8},"end":{"line":44,"column":29}},"type":"binary-expr","locations":[{"start":{"line":44,"column":8},"end":{"line":44,"column":13}},{"start":{"line":44,"column":17},"end":{"line":44,"column":29}}],"line":44}},"s":{"0":2,"1":2,"2":2,"3":2,"4":7,"5":7,"6":7,"7":7,"8":7,"9":0,"10":7},"f":{"0":7,"1":7,"2":7},"b":{"0":[0,7],"1":[7,0]},"_coverageSchema":"43e27e138ebf9cfc5966b082cf9a028302ed4184","hash":"7c89485d9c469e265df5d2a75176c28f2712dfc1"}
,"D:\\Proyectos\\boolean_app\\frontend\\src\\services\\product.service.js": {"path":"D:\\Proyectos\\boolean_app\\frontend\\src\\services\\product.service.js","statementMap":{"0":{"start":{"line":4,"column":20},"end":{"line":4,"column":34}},"1":{"start":{"line":8,"column":4},"end":{"line":17,"column":5}},"2":{"start":{"line":9,"column":20},"end":{"line":9,"column":74}},"3":{"start":{"line":10,"column":22},"end":{"line":12,"column":7}},"4":{"start":{"line":13,"column":23},"end":{"line":13,"column":64}},"5":{"start":{"line":14,"column":6},"end":{"line":14,"column":26}},"6":{"start":{"line":16,"column":6},"end":{"line":16,"column":65}},"7":{"start":{"line":20,"column":4},"end":{"line":29,"column":5}},"8":{"start":{"line":21,"column":20},"end":{"line":21,"column":74}},"9":{"start":{"line":22,"column":22},"end":{"line":24,"column":7}},"10":{"start":{"line":25,"column":23},"end":{"line":25,"column":80}},"11":{"start":{"line":26,"column":6},"end":{"line":26,"column":26}},"12":{"start":{"line":28,"column":6},"end":{"line":28,"column":56}}},"fnMap":{"0":{"name":"(anonymous_0)","decl":{"start":{"line":7,"column":2},"end":{"line":7,"column":3}},"loc":{"start":{"line":7,"column":23},"end":{"line":18,"column":3}},"line":7},"1":{"name":"(anonymous_1)","decl":{"start":{"line":19,"column":2},"end":{"line":19,"column":3}},"loc":{"start":{"line":19,"column":29},"end":{"line":30,"column":3}},"line":19}},"branchMap":{},"s":{"0":2,"1":6,"2":6,"3":6,"4":6,"5":1,"6":5,"7":0,"8":0,"9":0,"10":0,"11":0,"12":0},"f":{"0":6,"1":0},"b":{},"_coverageSchema":"43e27e138ebf9cfc5966b082cf9a028302ed4184","hash":"abe8825221cafffc43de5b50ce22fba98a4bbc93"}
,"D:\\Proyectos\\boolean_app\\frontend\\src\\store\\index.js": {"path":"D:\\Proyectos\\boolean_app\\frontend\\src\\store\\index.js","statementMap":{"0":{"start":{"line":5,"column":0},"end":{"line":5,"column":13}},"1":{"start":{"line":14,"column":6},"end":{"line":14,"column":31}},"2":{"start":{"line":17,"column":6},"end":{"line":17,"column":31}},"3":{"start":{"line":20,"column":6},"end":{"line":20,"column":25}},"4":{"start":{"line":25,"column":25},"end":{"line":25,"column":38}},"5":{"start":{"line":26,"column":6},"end":{"line":31,"column":7}},"6":{"start":{"line":27,"column":25},"end":{"line":27,"column":59}},"7":{"start":{"line":28,"column":8},"end":{"line":28,"column":40}},"8":{"start":{"line":30,"column":8},"end":{"line":30,"column":70}},"9":{"start":{"line":34,"column":25},"end":{"line":34,"column":38}},"10":{"start":{"line":35,"column":6},"end":{"line":41,"column":7}},"11":{"start":{"line":36,"column":25},"end":{"line":36,"column":65}},"12":{"start":{"line":37,"column":8},"end":{"line":37,"column":43}},"13":{"start":{"line":38,"column":8},"end":{"line":38,"column":93}},"14":{"start":{"line":40,"column":8},"end":{"line":40,"column":70}},"15":{"start":{"line":44,"column":25},"end":{"line":44,"column":38}},"16":{"start":{"line":45,"column":6},"end":{"line":45,"column":32}}},"fnMap":{"0":{"name":"(anonymous_0)","decl":{"start":{"line":13,"column":4},"end":{"line":13,"column":5}},"loc":{"start":{"line":13,"column":35},"end":{"line":15,"column":5}},"line":13},"1":{"name":"(anonymous_1)","decl":{"start":{"line":16,"column":4},"end":{"line":16,"column":5}},"loc":{"start":{"line":16,"column":38},"end":{"line":18,"column":5}},"line":16},"2":{"name":"(anonymous_2)","decl":{"start":{"line":19,"column":4},"end":{"line":19,"column":5}},"loc":{"start":{"line":19,"column":29},"end":{"line":21,"column":5}},"line":19},"3":{"name":"(anonymous_3)","decl":{"start":{"line":24,"column":4},"end":{"line":24,"column":5}},"loc":{"start":{"line":24,"column":38},"end":{"line":32,"column":5}},"line":24},"4":{"name":"(anonymous_4)","decl":{"start":{"line":33,"column":4},"end":{"line":33,"column":5}},"loc":{"start":{"line":33,"column":46},"end":{"line":42,"column":5}},"line":33},"5":{"name":"(anonymous_5)","decl":{"start":{"line":43,"column":4},"end":{"line":43,"column":5}},"loc":{"start":{"line":43,"column":36},"end":{"line":46,"column":5}},"line":43}},"branchMap":{},"s":{"0":2,"1":1,"2":0,"3":6,"4":6,"5":6,"6":6,"7":1,"8":5,"9":0,"10":0,"11":0,"12":0,"13":0,"14":0,"15":1,"16":1},"f":{"0":1,"1":0,"2":6,"3":6,"4":0,"5":1},"b":{},"_coverageSchema":"43e27e138ebf9cfc5966b082cf9a028302ed4184","hash":"bd0b3a109f280f49c75197d57efa0a836f2cb466"}
,"D:\\Proyectos\\boolean_app\\frontend\\src\\views\\CreateProduct.vue": {"path":"D:\\Proyectos\\boolean_app\\frontend\\src\\views\\CreateProduct.vue","statementMap":{"0":{"start":{"line":40,"column":0},"end":{"line":40,"column":null}},"1":{"start":{"line":44,"column":0},"end":{"line":44,"column":null}},"2":{"start":{"line":46,"column":0},"end":{"line":46,"column":null}},"3":{"start":{"line":48,"column":0},"end":{"line":48,"column":null}},"4":{"start":{"line":50,"column":0},"end":{"line":50,"column":null}},"5":{"start":{"line":52,"column":0},"end":{"line":52,"column":null}},"6":{"start":{"line":61,"column":0},"end":{"line":61,"column":null}},"7":{"start":{"line":64,"column":0},"end":{"line":64,"column":null}},"8":{"start":{"line":67,"column":0},"end":{"line":67,"column":null}},"9":{"start":{"line":73,"column":0},"end":{"line":78,"column":null}},"10":{"start":{"line":74,"column":0},"end":{"line":74,"column":null}},"11":{"start":{"line":75,"column":0},"end":{"line":75,"column":null}},"12":{"start":{"line":77,"column":0},"end":{"line":77,"column":null}}},"fnMap":{"0":{"name":"(anonymous_1)","decl":{"start":{"line":43,"column":0},"end":{"line":43,"column":null}},"loc":{"start":{"line":43,"column":0},"end":{"line":54,"column":null}}},"1":{"name":"(anonymous_2)","decl":{"start":{"line":46,"column":0},"end":{"line":46,"column":null}},"loc":{"start":{"line":46,"column":0},"end":{"line":46,"column":null}}},"2":{"name":"(anonymous_3)","decl":{"start":{"line":48,"column":0},"end":{"line":48,"column":null}},"loc":{"start":{"line":48,"column":0},"end":{"line":48,"column":null}}},"3":{"name":"(anonymous_4)","decl":{"start":{"line":50,"column":0},"end":{"line":50,"column":null}},"loc":{"start":{"line":50,"column":0},"end":{"line":50,"column":null}}},"4":{"name":"(anonymous_5)","decl":{"start":{"line":52,"column":0},"end":{"line":52,"column":null}},"loc":{"start":{"line":52,"column":0},"end":{"line":52,"column":null}}},"5":{"name":"(anonymous_6)","decl":{"start":{"line":60,"column":0},"end":{"line":60,"column":null}},"loc":{"start":{"line":60,"column":0},"end":{"line":62,"column":null}}},"6":{"name":"(anonymous_7)","decl":{"start":{"line":63,"column":0},"end":{"line":63,"column":null}},"loc":{"start":{"line":63,"column":0},"end":{"line":65,"column":null}}},"7":{"name":"(anonymous_8)","decl":{"start":{"line":66,"column":0},"end":{"line":66,"column":null}},"loc":{"start":{"line":66,"column":0},"end":{"line":79,"column":null}}}},"branchMap":{"0":{"loc":{"start":{"line":46,"column":0},"end":{"line":46,"column":null}},"type":"binary-expr","locations":[{"start":{"line":46,"column":0},"end":{"line":46,"column":null}},{"start":{"line":46,"column":0},"end":{"line":46,"column":null}}]},"1":{"loc":{"start":{"line":48,"column":0},"end":{"line":48,"column":null}},"type":"binary-expr","locations":[{"start":{"line":48,"column":0},"end":{"line":48,"column":null}},{"start":{"line":48,"column":0},"end":{"line":48,"column":null}}]},"2":{"loc":{"start":{"line":50,"column":0},"end":{"line":50,"column":null}},"type":"binary-expr","locations":[{"start":{"line":50,"column":0},"end":{"line":50,"column":null}},{"start":{"line":50,"column":0},"end":{"line":50,"column":null}}]},"3":{"loc":{"start":{"line":52,"column":0},"end":{"line":52,"column":null}},"type":"binary-expr","locations":[{"start":{"line":52,"column":0},"end":{"line":52,"column":null}},{"start":{"line":52,"column":0},"end":{"line":52,"column":null}}]},"4":{"loc":{"start":{"line":73,"column":0},"end":{"line":78,"column":null}},"type":"if","locations":[{"start":{"line":73,"column":0},"end":{"line":78,"column":null}},{"start":{"line":73,"column":0},"end":{"line":78,"column":null}}]}},"s":{"0":2,"1":0,"2":0,"3":0,"4":0,"5":0,"6":0,"7":0,"8":0,"9":0,"10":0,"11":0,"12":0},"f":{"0":0,"1":0,"2":0,"3":0,"4":0,"5":0,"6":0,"7":0},"b":{"0":[0,0],"1":[0,0],"2":[0,0],"3":[0,0],"4":[0,0]}}
,"D:\\Proyectos\\boolean_app\\frontend\\src\\views\\Login.vue": {"path":"D:\\Proyectos\\boolean_app\\frontend\\src\\views\\Login.vue","statementMap":{"0":{"start":{"line":39,"column":0},"end":{"line":39,"column":null}},"1":{"start":{"line":40,"column":0},"end":{"line":40,"column":null}},"2":{"start":{"line":44,"column":0},"end":{"line":44,"column":null}},"3":{"start":{"line":46,"column":0},"end":{"line":46,"column":null}},"4":{"start":{"line":51,"column":0},"end":{"line":51,"column":null}},"5":{"start":{"line":58,"column":0},"end":{"line":58,"column":null}},"6":{"start":{"line":61,"column":0},"end":{"line":68,"column":null}},"7":{"start":{"line":62,"column":0},"end":{"line":67,"column":null}},"8":{"start":{"line":63,"column":0},"end":{"line":63,"column":null}},"9":{"start":{"line":64,"column":0},"end":{"line":64,"column":null}},"10":{"start":{"line":66,"column":0},"end":{"line":66,"column":null}}},"fnMap":{"0":{"name":"(anonymous_1)","decl":{"start":{"line":43,"column":0},"end":{"line":43,"column":null}},"loc":{"start":{"line":43,"column":0},"end":{"line":54,"column":null}}},"1":{"name":"(anonymous_2)","decl":{"start":{"line":46,"column":0},"end":{"line":46,"column":null}},"loc":{"start":{"line":46,"column":0},"end":{"line":46,"column":null}}},"2":{"name":"(anonymous_4)","decl":{"start":{"line":51,"column":0},"end":{"line":51,"column":null}},"loc":{"start":{"line":51,"column":0},"end":{"line":51,"column":null}}},"3":{"name":"(anonymous_5)","decl":{"start":{"line":57,"column":0},"end":{"line":57,"column":null}},"loc":{"start":{"line":57,"column":0},"end":{"line":59,"column":null}}},"4":{"name":"(anonymous_6)","decl":{"start":{"line":60,"column":0},"end":{"line":60,"column":null}},"loc":{"start":{"line":60,"column":0},"end":{"line":69,"column":null}}}},"branchMap":{"0":{"loc":{"start":{"line":46,"column":0},"end":{"line":46,"column":null}},"type":"binary-expr","locations":[{"start":{"line":46,"column":0},"end":{"line":46,"column":null}},{"start":{"line":46,"column":0},"end":{"line":46,"column":null}}]},"1":{"loc":{"start":{"line":51,"column":0},"end":{"line":51,"column":null}},"type":"binary-expr","locations":[{"start":{"line":51,"column":0},"end":{"line":51,"column":null}},{"start":{"line":51,"column":0},"end":{"line":51,"column":null}}]},"2":{"loc":{"start":{"line":61,"column":0},"end":{"line":68,"column":null}},"type":"if","locations":[{"start":{"line":61,"column":0},"end":{"line":68,"column":null}},{"start":{"line":61,"column":0},"end":{"line":68,"column":null}}]}},"s":{"0":2,"1":2,"2":9,"3":24,"4":12,"5":3,"6":3,"7":2,"8":2,"9":1,"10":1},"f":{"0":9,"1":24,"2":12,"3":3,"4":3},"b":{"0":[24,20],"1":[12,10],"2":[2,1]}}
,"D:\\Proyectos\\boolean_app\\frontend\\src\\views\\Products.vue": {"path":"D:\\Proyectos\\boolean_app\\frontend\\src\\views\\Products.vue","statementMap":{"0":{"start":{"line":34,"column":0},"end":{"line":34,"column":null}},"1":{"start":{"line":48,"column":0},"end":{"line":48,"column":null}}},"fnMap":{"0":{"name":"(anonymous_1)","decl":{"start":{"line":47,"column":0},"end":{"line":47,"column":null}},"loc":{"start":{"line":47,"column":0},"end":{"line":49,"column":null}}}},"branchMap":{},"s":{"0":2,"1":6},"f":{"0":6},"b":{}}
}
