{"/mnt/d/Proyectos/boolean_app/frontend/src/App.vue": {"path":"/mnt/d/Proyectos/boolean_app/frontend/src/App.vue","statementMap":{"0":{"start":{"line":24,"column":0},"end":{"line":24,"column":null}},"1":{"start":{"line":25,"column":0},"end":{"line":25,"column":null}},"2":{"start":{"line":38,"column":0},"end":{"line":38,"column":null}}},"fnMap":{"0":{"name":"(anonymous_1)","decl":{"start":{"line":37,"column":0},"end":{"line":37,"column":null}},"loc":{"start":{"line":37,"column":0},"end":{"line":39,"column":null}}}},"branchMap":{},"s":{"0":2,"1":2,"2":0},"f":{"0":0},"b":{}}
,"/mnt/d/Proyectos/boolean_app/frontend/src/router/index.js": {"path":"/mnt/d/Proyectos/boolean_app/frontend/src/router/index.js","statementMap":{"0":{"start":{"line":7,"column":0},"end":{"line":7,"column":18}},"1":{"start":{"line":9,"column":15},"end":{"line":20,"column":1}},"2":{"start":{"line":22,"column":15},"end":{"line":25,"column":2}},"3":{"start":{"line":27,"column":0},"end":{"line":36,"column":2}},"4":{"start":{"line":28,"column":15},"end":{"line":28,"column":45}},"5":{"start":{"line":29,"column":23},"end":{"line":29,"column":65}},"6":{"start":{"line":29,"column":48},"end":{"line":29,"column":64}},"7":{"start":{"line":31,"column":2},"end":{"line":35,"column":3}},"8":{"start":{"line":32,"column":4},"end":{"line":32,"column":18}},"9":{"start":{"line":34,"column":4},"end":{"line":34,"column":10}}},"fnMap":{"0":{"name":"(anonymous_0)","decl":{"start":{"line":27,"column":18},"end":{"line":27,"column":19}},"loc":{"start":{"line":27,"column":38},"end":{"line":36,"column":1}},"line":27},"1":{"name":"(anonymous_1)","decl":{"start":{"line":29,"column":39},"end":{"line":29,"column":40}},"loc":{"start":{"line":29,"column":48},"end":{"line":29,"column":64}},"line":29}},"branchMap":{"0":{"loc":{"start":{"line":31,"column":2},"end":{"line":35,"column":3}},"type":"if","locations":[{"start":{"line":31,"column":2},"end":{"line":35,"column":3}},{"start":{"line":31,"column":2},"end":{"line":35,"column":3}}],"line":31},"1":{"loc":{"start":{"line":31,"column":6},"end":{"line":31,"column":27}},"type":"binary-expr","locations":[{"start":{"line":31,"column":6},"end":{"line":31,"column":11}},{"start":{"line":31,"column":15},"end":{"line":31,"column":27}}],"line":31}},"s":{"0":2,"1":2,"2":2,"3":2,"4":7,"5":7,"6":7,"7":7,"8":0,"9":7},"f":{"0":7,"1":7},"b":{"0":[0,7],"1":[7,1]},"_coverageSchema":"43e27e138ebf9cfc5966b082cf9a028302ed4184","hash":"2fbbec6a46901f8ca898bbab3bcdb180300870f9"}
,"/mnt/d/Proyectos/boolean_app/frontend/src/services/product.service.js": {"path":"/mnt/d/Proyectos/boolean_app/frontend/src/services/product.service.js","statementMap":{"0":{"start":{"line":4,"column":20},"end":{"line":4,"column":34}},"1":{"start":{"line":8,"column":4},"end":{"line":17,"column":5}},"2":{"start":{"line":9,"column":20},"end":{"line":9,"column":74}},"3":{"start":{"line":10,"column":22},"end":{"line":12,"column":7}},"4":{"start":{"line":13,"column":23},"end":{"line":13,"column":64}},"5":{"start":{"line":14,"column":6},"end":{"line":14,"column":26}},"6":{"start":{"line":16,"column":6},"end":{"line":16,"column":65}}},"fnMap":{"0":{"name":"(anonymous_0)","decl":{"start":{"line":7,"column":2},"end":{"line":7,"column":3}},"loc":{"start":{"line":7,"column":23},"end":{"line":18,"column":3}},"line":7}},"branchMap":{},"s":{"0":2,"1":6,"2":6,"3":6,"4":6,"5":1,"6":5},"f":{"0":6},"b":{},"_coverageSchema":"43e27e138ebf9cfc5966b082cf9a028302ed4184","hash":"809bbd700f3daf697ee835c6fbba5dcd387ae175"}
,"/mnt/d/Proyectos/boolean_app/frontend/src/store/index.js": {"path":"/mnt/d/Proyectos/boolean_app/frontend/src/store/index.js","statementMap":{"0":{"start":{"line":5,"column":0},"end":{"line":5,"column":13}},"1":{"start":{"line":14,"column":6},"end":{"line":14,"column":31}},"2":{"start":{"line":17,"column":6},"end":{"line":17,"column":25}},"3":{"start":{"line":22,"column":25},"end":{"line":22,"column":38}},"4":{"start":{"line":23,"column":6},"end":{"line":28,"column":7}},"5":{"start":{"line":24,"column":25},"end":{"line":24,"column":59}},"6":{"start":{"line":25,"column":8},"end":{"line":25,"column":40}},"7":{"start":{"line":27,"column":8},"end":{"line":27,"column":70}},"8":{"start":{"line":31,"column":25},"end":{"line":31,"column":38}},"9":{"start":{"line":32,"column":6},"end":{"line":32,"column":32}}},"fnMap":{"0":{"name":"(anonymous_0)","decl":{"start":{"line":13,"column":4},"end":{"line":13,"column":5}},"loc":{"start":{"line":13,"column":35},"end":{"line":15,"column":5}},"line":13},"1":{"name":"(anonymous_1)","decl":{"start":{"line":16,"column":4},"end":{"line":16,"column":5}},"loc":{"start":{"line":16,"column":29},"end":{"line":18,"column":5}},"line":16},"2":{"name":"(anonymous_2)","decl":{"start":{"line":21,"column":4},"end":{"line":21,"column":5}},"loc":{"start":{"line":21,"column":38},"end":{"line":29,"column":5}},"line":21},"3":{"name":"(anonymous_3)","decl":{"start":{"line":30,"column":4},"end":{"line":30,"column":5}},"loc":{"start":{"line":30,"column":36},"end":{"line":33,"column":5}},"line":30}},"branchMap":{},"s":{"0":2,"1":1,"2":6,"3":6,"4":6,"5":6,"6":1,"7":5,"8":1,"9":1},"f":{"0":1,"1":6,"2":6,"3":1},"b":{},"_coverageSchema":"43e27e138ebf9cfc5966b082cf9a028302ed4184","hash":"7d6f06933c6dd42c119fd8dac2828f5b95a3c5db"}
,"/mnt/d/Proyectos/boolean_app/frontend/src/views/Login.vue": {"path":"/mnt/d/Proyectos/boolean_app/frontend/src/views/Login.vue","statementMap":{"0":{"start":{"line":42,"column":0},"end":{"line":42,"column":null}},"1":{"start":{"line":43,"column":0},"end":{"line":43,"column":null}},"2":{"start":{"line":47,"column":0},"end":{"line":47,"column":null}},"3":{"start":{"line":49,"column":0},"end":{"line":49,"column":null}},"4":{"start":{"line":54,"column":0},"end":{"line":54,"column":null}},"5":{"start":{"line":61,"column":0},"end":{"line":61,"column":null}},"6":{"start":{"line":64,"column":0},"end":{"line":71,"column":null}},"7":{"start":{"line":65,"column":0},"end":{"line":70,"column":null}},"8":{"start":{"line":66,"column":0},"end":{"line":66,"column":null}},"9":{"start":{"line":67,"column":0},"end":{"line":67,"column":null}},"10":{"start":{"line":69,"column":0},"end":{"line":69,"column":null}}},"fnMap":{"0":{"name":"(anonymous_1)","decl":{"start":{"line":46,"column":0},"end":{"line":46,"column":null}},"loc":{"start":{"line":46,"column":0},"end":{"line":57,"column":null}}},"1":{"name":"(anonymous_2)","decl":{"start":{"line":49,"column":0},"end":{"line":49,"column":null}},"loc":{"start":{"line":49,"column":0},"end":{"line":49,"column":null}}},"2":{"name":"(anonymous_4)","decl":{"start":{"line":54,"column":0},"end":{"line":54,"column":null}},"loc":{"start":{"line":54,"column":0},"end":{"line":54,"column":null}}},"3":{"name":"(anonymous_5)","decl":{"start":{"line":60,"column":0},"end":{"line":60,"column":null}},"loc":{"start":{"line":60,"column":0},"end":{"line":62,"column":null}}},"4":{"name":"(anonymous_6)","decl":{"start":{"line":63,"column":0},"end":{"line":63,"column":null}},"loc":{"start":{"line":63,"column":0},"end":{"line":72,"column":null}}}},"branchMap":{"0":{"loc":{"start":{"line":49,"column":0},"end":{"line":49,"column":null}},"type":"binary-expr","locations":[{"start":{"line":49,"column":0},"end":{"line":49,"column":null}},{"start":{"line":49,"column":0},"end":{"line":49,"column":null}}]},"1":{"loc":{"start":{"line":54,"column":0},"end":{"line":54,"column":null}},"type":"binary-expr","locations":[{"start":{"line":54,"column":0},"end":{"line":54,"column":null}},{"start":{"line":54,"column":0},"end":{"line":54,"column":null}}]},"2":{"loc":{"start":{"line":64,"column":0},"end":{"line":71,"column":null}},"type":"if","locations":[{"start":{"line":64,"column":0},"end":{"line":71,"column":null}},{"start":{"line":64,"column":0},"end":{"line":71,"column":null}}]}},"s":{"0":2,"1":2,"2":9,"3":24,"4":12,"5":3,"6":3,"7":2,"8":2,"9":1,"10":1},"f":{"0":9,"1":24,"2":12,"3":3,"4":3},"b":{"0":[24,20],"1":[12,10],"2":[2,1]}}
,"/mnt/d/Proyectos/boolean_app/frontend/src/views/Products.vue": {"path":"/mnt/d/Proyectos/boolean_app/frontend/src/views/Products.vue","statementMap":{"0":{"start":{"line":34,"column":0},"end":{"line":34,"column":null}},"1":{"start":{"line":48,"column":0},"end":{"line":48,"column":null}}},"fnMap":{"0":{"name":"(anonymous_1)","decl":{"start":{"line":47,"column":0},"end":{"line":47,"column":null}},"loc":{"start":{"line":47,"column":0},"end":{"line":49,"column":null}}}},"branchMap":{},"s":{"0":2,"1":6},"f":{"0":6},"b":{}}
}
