TN:
SF:D:\Proyectos\boolean_app\frontend\src\App.vue
FN:38,(anonymous_1)
FNF:1
FNH:0
FNDA:0,(anonymous_1)
DA:25,2
DA:26,2
DA:39,0
LF:3
LH:2
BRF:0
BRH:0
end_of_record
TN:
SF:D:\Proyectos\boolean_app\frontend\src\router\index.js
FN:39,(anonymous_0)
FN:41,(anonymous_1)
FN:42,(anonymous_2)
FNF:3
FNH:3
FNDA:7,(anonymous_0)
FNDA:7,(anonymous_1)
FNDA:7,(anonymous_2)
DA:8,2
DA:10,2
DA:34,2
DA:39,2
DA:40,7
DA:41,7
DA:42,7
DA:44,7
DA:45,0
DA:47,7
LF:10
LH:9
BRDA:44,0,0,0
BRDA:44,0,1,7
BRDA:44,1,0,7
BRDA:44,1,1,0
BRF:4
BRH:2
end_of_record
TN:
SF:D:\Proyectos\boolean_app\frontend\src\services\product.service.js
FN:7,(anonymous_0)
FN:19,(anonymous_1)
FNF:2
FNH:1
FNDA:6,(anonymous_0)
FNDA:0,(anonymous_1)
DA:4,2
DA:8,6
DA:9,6
DA:10,6
DA:13,6
DA:14,1
DA:16,5
DA:20,0
DA:21,0
DA:22,0
DA:25,0
DA:26,0
DA:28,0
LF:13
LH:7
BRF:0
BRH:0
end_of_record
TN:
SF:D:\Proyectos\boolean_app\frontend\src\store\index.js
FN:13,(anonymous_0)
FN:16,(anonymous_1)
FN:19,(anonymous_2)
FN:24,(anonymous_3)
FN:33,(anonymous_4)
FN:43,(anonymous_5)
FNF:6
FNH:4
FNDA:1,(anonymous_0)
FNDA:0,(anonymous_1)
FNDA:6,(anonymous_2)
FNDA:6,(anonymous_3)
FNDA:0,(anonymous_4)
FNDA:1,(anonymous_5)
DA:5,2
DA:14,1
DA:17,0
DA:20,6
DA:25,6
DA:26,6
DA:27,6
DA:28,1
DA:30,5
DA:34,0
DA:35,0
DA:36,0
DA:37,0
DA:38,0
DA:40,0
DA:44,1
DA:45,1
LF:17
LH:10
BRF:0
BRH:0
end_of_record
TN:
SF:D:\Proyectos\boolean_app\frontend\src\views\CreateProduct.vue
FN:43,(anonymous_1)
FN:46,(anonymous_2)
FN:48,(anonymous_3)
FN:50,(anonymous_4)
FN:52,(anonymous_5)
FN:60,(anonymous_6)
FN:63,(anonymous_7)
FN:66,(anonymous_8)
FNF:8
FNH:0
FNDA:0,(anonymous_1)
FNDA:0,(anonymous_2)
FNDA:0,(anonymous_3)
FNDA:0,(anonymous_4)
FNDA:0,(anonymous_5)
FNDA:0,(anonymous_6)
FNDA:0,(anonymous_7)
FNDA:0,(anonymous_8)
DA:40,2
DA:44,0
DA:46,0
DA:48,0
DA:50,0
DA:52,0
DA:61,0
DA:64,0
DA:67,0
DA:73,0
DA:74,0
DA:75,0
DA:77,0
LF:13
LH:1
BRDA:46,0,0,0
BRDA:46,0,1,0
BRDA:48,1,0,0
BRDA:48,1,1,0
BRDA:50,2,0,0
BRDA:50,2,1,0
BRDA:52,3,0,0
BRDA:52,3,1,0
BRDA:73,4,0,0
BRDA:73,4,1,0
BRF:10
BRH:0
end_of_record
TN:
SF:D:\Proyectos\boolean_app\frontend\src\views\Login.vue
FN:43,(anonymous_1)
FN:46,(anonymous_2)
FN:51,(anonymous_4)
FN:57,(anonymous_5)
FN:60,(anonymous_6)
FNF:5
FNH:5
FNDA:9,(anonymous_1)
FNDA:24,(anonymous_2)
FNDA:12,(anonymous_4)
FNDA:3,(anonymous_5)
FNDA:3,(anonymous_6)
DA:39,2
DA:40,2
DA:44,9
DA:46,24
DA:51,12
DA:58,3
DA:61,3
DA:62,2
DA:63,2
DA:64,1
DA:66,1
LF:11
LH:11
BRDA:46,0,0,24
BRDA:46,0,1,20
BRDA:51,1,0,12
BRDA:51,1,1,10
BRDA:61,2,0,2
BRDA:61,2,1,1
BRF:6
BRH:6
end_of_record
TN:
SF:D:\Proyectos\boolean_app\frontend\src\views\Products.vue
FN:47,(anonymous_1)
FNF:1
FNH:1
FNDA:6,(anonymous_1)
DA:34,2
DA:48,6
LF:2
LH:2
BRF:0
BRH:0
end_of_record
