TN:
SF:/mnt/d/Proyectos/boolean_app/frontend/src/App.vue
FN:37,(anonymous_1)
FNF:1
FNH:0
FNDA:0,(anonymous_1)
DA:24,2
DA:25,2
DA:38,0
LF:3
LH:2
BRF:0
BRH:0
end_of_record
TN:
SF:/mnt/d/Proyectos/boolean_app/frontend/src/router/index.js
FN:27,(anonymous_0)
FN:29,(anonymous_1)
FNF:2
FNH:2
FNDA:7,(anonymous_0)
FNDA:7,(anonymous_1)
DA:7,2
DA:9,2
DA:22,2
DA:27,2
DA:28,7
DA:29,7
DA:31,7
DA:32,0
DA:34,7
LF:9
LH:8
BRDA:31,0,0,0
BRDA:31,0,1,7
BRDA:31,1,0,7
BRDA:31,1,1,1
BRF:4
BRH:3
end_of_record
TN:
SF:/mnt/d/Proyectos/boolean_app/frontend/src/services/product.service.js
FN:7,(anonymous_0)
FNF:1
FNH:1
FNDA:6,(anonymous_0)
DA:4,2
DA:8,6
DA:9,6
DA:10,6
DA:13,6
DA:14,1
DA:16,5
LF:7
LH:7
BRF:0
BRH:0
end_of_record
TN:
SF:/mnt/d/Proyectos/boolean_app/frontend/src/store/index.js
FN:13,(anonymous_0)
FN:16,(anonymous_1)
FN:21,(anonymous_2)
FN:30,(anonymous_3)
FNF:4
FNH:4
FNDA:1,(anonymous_0)
FNDA:6,(anonymous_1)
FNDA:6,(anonymous_2)
FNDA:1,(anonymous_3)
DA:5,2
DA:14,1
DA:17,6
DA:22,6
DA:23,6
DA:24,6
DA:25,1
DA:27,5
DA:31,1
DA:32,1
LF:10
LH:10
BRF:0
BRH:0
end_of_record
TN:
SF:/mnt/d/Proyectos/boolean_app/frontend/src/views/Login.vue
FN:46,(anonymous_1)
FN:49,(anonymous_2)
FN:54,(anonymous_4)
FN:60,(anonymous_5)
FN:63,(anonymous_6)
FNF:5
FNH:5
FNDA:9,(anonymous_1)
FNDA:24,(anonymous_2)
FNDA:12,(anonymous_4)
FNDA:3,(anonymous_5)
FNDA:3,(anonymous_6)
DA:42,2
DA:43,2
DA:47,9
DA:49,24
DA:54,12
DA:61,3
DA:64,3
DA:65,2
DA:66,2
DA:67,1
DA:69,1
LF:11
LH:11
BRDA:49,0,0,24
BRDA:49,0,1,20
BRDA:54,1,0,12
BRDA:54,1,1,10
BRDA:64,2,0,2
BRDA:64,2,1,1
BRF:6
BRH:6
end_of_record
TN:
SF:/mnt/d/Proyectos/boolean_app/frontend/src/views/Products.vue
FN:47,(anonymous_1)
FNF:1
FNH:1
FNDA:6,(anonymous_1)
DA:34,2
DA:48,6
LF:2
LH:2
BRF:0
BRH:0
end_of_record
